Job started: Mon Jun  8 10:01:41 AM UTC 2026
Model : distilbert-base-uncased-finetuned-sst-2-english
Device: cpu
Running 9 experiments:
  ('LIME', 'aux_not', 'sentence_not_0_aux')
  ('LIME', 'aux_not', 'sentence_not_1_aux')
  ('LIME', 'not_start', 'sentence_not_beginning')
  ('LIME', 'base', 'sentence_not_3')
  ('LIME', 'base', 'sentence_not_2')
  ('LIME', 'base', 'sentence_not_1')
  ('LIME', 'base', 'sentence_not_0')
  ('LIME', 'contraction', 'sentence_not_1_contraction')
  ('LIME', 'contraction', 'sentence_not_2_contraction')
  Saved: /home/papadopu/xai-nlp/new_results/distilbert-base-uncased-finetuned-sst-2-english/LIME/aux_not/sentence_not_0_aux.pkl
  Accuracy: 0.914 | pos: 0.889 | neg: 0.941
  Saved: /home/papadopu/xai-nlp/new_results/distilbert-base-uncased-finetuned-sst-2-english/LIME/aux_not/sentence_not_1_aux.pkl
  Accuracy: 0.900 | pos: 0.853 | neg: 0.944
  Saved: /home/papadopu/xai-nlp/new_results/distilbert-base-uncased-finetuned-sst-2-english/LIME/not_start/sentence_not_beginning.pkl
  Accuracy: 0.029 | pos: 0.000 | neg: 0.059
  Saved: /home/papadopu/xai-nlp/new_results/distilbert-base-uncased-finetuned-sst-2-english/LIME/base/sentence_not_3.pkl
  Accuracy: 0.986 | pos: 1.000 | neg: 0.972
  Saved: /home/papadopu/xai-nlp/new_results/distilbert-base-uncased-finetuned-sst-2-english/LIME/base/sentence_not_2.pkl
  Accuracy: 0.014 | pos: 0.000 | neg: 0.029
  Saved: /home/papadopu/xai-nlp/new_results/distilbert-base-uncased-finetuned-sst-2-english/LIME/base/sentence_not_1.pkl
  Accuracy: 1.000 | pos: 1.000 | neg: 1.000
  Saved: /home/papadopu/xai-nlp/new_results/distilbert-base-uncased-finetuned-sst-2-english/LIME/base/sentence_not_0.pkl
  Accuracy: 0.957 | pos: 0.944 | neg: 0.971
  Saved: /home/papadopu/xai-nlp/new_results/distilbert-base-uncased-finetuned-sst-2-english/LIME/contraction/sentence_not_1_contraction.pkl
  Accuracy: 0.986 | pos: 0.971 | neg: 1.000
  Saved: /home/papadopu/xai-nlp/new_results/distilbert-base-uncased-finetuned-sst-2-english/LIME/contraction/sentence_not_2_contraction.pkl
  Accuracy: 0.000 | pos: 0.000 | neg: 0.000

Performance saved to /home/papadopu/xai-nlp/new_results/distilbert-base-uncased-finetuned-sst-2-english/performance.csv
Job ended: Mon Jun  8 01:25:33 PM UTC 2026
